<?xml version="1.0" encoding="UTF-8"?>
<!-- Generated by org.testng.reporters.JUnitReportReporter -->
<testsuite hostname="FFE-Bobbala-Venkata-Nagireddy" failures="0" tests="1" name="practise.ReadDataFromCmdLine" time="0.015" errors="0" timestamp="2025-08-22T12:38:20 IST" skipped="0">
  <testcase classname="practise.ReadDataFromCmdLine" name="readData" time="0.015"/>
</testsuite> <!-- practise.ReadDataFromCmdLine -->
