<?xml version="1.0" encoding="UTF-8"?>
<!-- Generated by org.testng.reporters.JUnitReportReporter -->
<testsuite hostname="FFE-Bobbala-Venkata-Nagireddy" failures="0" tests="2" name="practise.CreateTest" time="8.442" errors="0" timestamp="2025-08-14T12:18:38 IST" skipped="0">
  <testcase classname="practise.CreateTest" name="contact" time="5.588"/>
  <testcase classname="practise.CreateTest" name="product" time="2.854"/>
</testsuite> <!-- practise.CreateTest -->
