<?xml version="1.0" encoding="UTF-8"?>
<!-- Generated by org.testng.reporters.JUnitReportReporter -->
<testsuite hostname="FFE-Bobbala-Venkata-Nagireddy" failures="0" tests="1" name="practise.E2ETC_01Test" time="21.473" errors="0" timestamp="2025-08-14T10:40:23 IST" skipped="0">
  <testcase classname="practise.E2ETC_01Test" name="Run1stTest" time="21.473"/>
</testsuite> <!-- practise.E2ETC_01Test -->
